<?xml version="1.0" encoding="UTF-8"?>
<!-- Generated by org.testng.reporters.JUnitReportReporter -->
<testsuite hostname="NIKHIL-PRASAD" failures="0" tests="1" name="testpkg.RedditTest" time="22.862" errors="0" timestamp="2024-07-31T20:17:26 IST" skipped="0">
  <testcase classname="testpkg.RedditTest" name="logintest" time="22.862"/>
</testsuite> <!-- testpkg.RedditTest -->
