<?xml version="1.0" encoding="UTF-8"?>
<!-- Generated by org.testng.reporters.JUnitReportReporter -->
<testsuite hostname="NIKHIL-PRASAD" failures="0" tests="1" name="testpkg.EbayTestt$EbayTest" time="66.929" errors="0" timestamp="2024-08-03T00:06:49 IST" skipped="0">
  <testcase classname="testpkg.EbayTestt$EbayTest" name="logintest" time="66.929"/>
</testsuite> <!-- testpkg.EbayTestt$EbayTest -->
